2024-02-09 10:45:50,027 - root - ERROR - Error occurred in 'data_provessing' : DB_sampled11 : kalkomey.com : 85 : Jumpling
2024-02-09 10:45:50,054 - root - ERROR - Error occurred in 'data_provessing' : DB_sampled11 : prisoninsight.com : 224 : Jumpling
2024-02-09 10:45:50,058 - root - ERROR - Error occurred in 'data_provessing' : DB_sampled11 : i18next.com : 78 : Jumpling
2024-02-09 10:45:50,093 - root - ERROR - Error occurred in 'data_provessing' : DB_sampled11 : namechk.com : 42 : Jumpling
2024-02-09 10:45:50,095 - root - ERROR - Error occurred in 'data_provessing' : DB_sampled11 : blackball.lv : 32 : Jumpling
2024-02-09 10:45:50,095 - root - ERROR - Error occurred in 'data_provessing' : DB_sampled11 : blackball.lv : 15 : Jumpling
2024-02-09 10:45:50,116 - root - ERROR - Error occurred in 'data_provessing' : DB_sampled11 : getseoinfo.com : 65 : Jumpling
2024-02-09 10:45:50,133 - root - ERROR - Error occurred in 'data_provessing' : DB_sampled11 : naijahomebased.com : 82 : Jumpling
2024-02-09 10:45:50,135 - root - ERROR - Error occurred in 'data_provessing' : DB_sampled11 : prixpictet.com : 28 : Jumpling
2024-02-09 10:45:50,148 - root - ERROR - Error occurred in 'data_provessing' : DB_sampled11 : danpatrick.com : 63 : Jumpling
2024-02-09 10:45:50,173 - root - ERROR - Error occurred in 'data_provessing' : DB_sampled11 : thinktobehappy.com : 33 : Jumpling
2024-02-09 10:45:50,220 - root - ERROR - Error occurred in 'data_provessing' : DB_sampled11 : riveraveblues.com : 41 : Jumpling
2024-02-09 10:45:50,265 - root - ERROR - Error occurred in 'data_provessing' : DB_sampled11 : investpalata.ru : 22 : Jumpling
2024-02-09 10:45:50,267 - root - ERROR - Error occurred in 'data_provessing' : DB_sampled11 : pemptousia.gr : 68 : Jumpling
2024-02-09 10:45:50,280 - root - ERROR - Error occurred in 'data_provessing' : DB_sampled11 : teamyokomo.com : 22 : Jumpling
2024-02-09 10:45:50,280 - root - ERROR - Error occurred in 'data_provessing' : DB_sampled11 : teamyokomo.com : 31 : Jumpling
2024-02-09 10:45:50,318 - root - ERROR - Error occurred in 'data_provessing' : DB_sampled11 : theocrv.com : 20 : Jumpling
2024-02-09 10:45:50,319 - root - ERROR - Error occurred in 'data_provessing' : DB_sampled11 : theocrv.com : 20 : Jumpling
2024-02-09 10:45:50,320 - root - ERROR - Error occurred in 'data_provessing' : DB_sampled11 : overthinkingit.com : 73 : Jumpling
2024-02-09 10:45:50,333 - root - ERROR - Error occurred in 'data_provessing' : DB_sampled11 : pixelify.net : 109 : Jumpling
2024-02-09 10:45:50,344 - root - ERROR - Error occurred in 'data_provessing' : DB_sampled11 : pixelify.net : 343 : Jumpling
2024-02-09 10:45:50,344 - root - ERROR - Error occurred in 'data_provessing' : DB_sampled11 : pixelify.net : 343 : Jumpling
2024-02-09 10:45:50,344 - root - ERROR - Error occurred in 'data_provessing' : DB_sampled11 : pixelify.net : 661 : Jumpling
2024-02-09 10:45:50,346 - root - ERROR - Error occurred in 'data_provessing' : DB_sampled11 : pixelify.net : 2141 : Jumpling
2024-02-09 10:45:50,346 - root - ERROR - Error occurred in 'data_provessing' : DB_sampled11 : pixelify.net : 2141 : Jumpling
2024-02-09 10:45:50,346 - root - ERROR - Error occurred in 'data_provessing' : DB_sampled11 : pixelify.net : 3130 : Jumpling
2024-02-09 10:45:50,347 - root - ERROR - Error occurred in 'data_provessing' : DB_sampled11 : pixelify.net : 4348 : Jumpling
2024-02-09 10:45:50,360 - root - ERROR - Error occurred in 'data_provessing' : DB_sampled11 : pixelify.net : 895968 : Jumpling
2024-02-09 10:45:50,362 - root - ERROR - Error occurred in 'data_provessing' : DB_sampled11 : pixelify.net : 1375433 : Jumpling
2024-02-09 10:45:50,383 - root - ERROR - Error occurred in 'data_provessing' : DB_sampled11 : contexturesblog.com : 67 : Jumpling
2024-02-09 10:45:50,438 - root - ERROR - Error occurred in 'data_provessing' : DB_sampled11 : rokoko.com : 21 : Jumpling
2024-02-09 10:45:50,440 - root - ERROR - Error occurred in 'data_provessing' : DB_sampled11 : rokoko.com : 37 : Jumpling
2024-02-09 10:45:50,440 - root - ERROR - Error occurred in 'data_provessing' : DB_sampled11 : rokoko.com : 97 : Jumpling
2024-02-09 10:45:50,451 - root - ERROR - Error occurred in 'data_provessing' : DB_sampled11 : justreachout.io : 69 : Jumpling
2024-02-09 10:45:50,459 - root - ERROR - Error occurred in 'data_provessing' : DB_sampled11 : santo.kz : 48 : Jumpling
2024-02-09 10:45:50,494 - root - ERROR - Error occurred in 'data_provessing' : DB_sampled11 : guildedage.net : 73 : Jumpling
2024-02-09 10:45:50,509 - root - ERROR - Error occurred in 'data_provessing' : DB_sampled11 : vitalitymagazine.com : 78 : Jumpling
2024-02-09 10:45:50,521 - root - ERROR - Error occurred in 'data_provessing' : DB_sampled11 : endofound.org : 448 : Jumpling
2024-02-09 10:45:50,521 - root - ERROR - Error occurred in 'data_provessing' : DB_sampled11 : endofound.org : 448 : Jumpling
2024-02-09 10:45:50,523 - root - ERROR - Error occurred in 'data_provessing' : DB_sampled11 : thehollywoodconservative.us : 45 : Jumpling
2024-02-09 10:45:50,542 - root - ERROR - Error occurred in 'data_provessing' : DB_sampled11 : freshersindia.in : 56 : Jumpling
2024-02-09 10:45:50,549 - root - ERROR - Error occurred in 'data_provessing' : DB_sampled11 : mpboardsolutions.guru : 431 : Jumpling
2024-02-09 10:45:50,549 - root - ERROR - Error occurred in 'data_provessing' : DB_sampled11 : mpboardsolutions.guru : 507 : Jumpling
2024-02-09 10:45:50,549 - root - ERROR - Error occurred in 'data_provessing' : DB_sampled11 : mpboardsolutions.guru : 561 : Jumpling
2024-02-09 10:45:50,566 - root - ERROR - Error occurred in 'data_provessing' : DB_sampled11 : lajmi.net : 50 : Jumpling
2024-02-09 10:45:50,566 - root - ERROR - Error occurred in 'data_provessing' : DB_sampled11 : lajmi.net : 50 : Jumpling
2024-02-09 10:45:50,581 - root - ERROR - Error occurred in 'data_provessing' : DB_sampled11 : dlink.com.br : 26 : Jumpling
2024-02-09 10:45:50,581 - root - ERROR - Error occurred in 'data_provessing' : DB_sampled11 : maritime-executive.com : 55 : Jumpling
2024-02-09 10:45:50,587 - root - ERROR - Error occurred in 'data_provessing' : DB_sampled11 : lutsk-future.com.ua : 66 : Jumpling
2024-02-09 10:45:50,597 - root - ERROR - Error occurred in 'data_provessing' : DB_sampled11 : dacota.tw : 245 : Jumpling
2024-02-09 10:45:50,598 - root - ERROR - Error occurred in 'data_provessing' : DB_sampled11 : dacota.tw : 251 : Jumpling
2024-02-09 10:45:50,598 - root - ERROR - Error occurred in 'data_provessing' : DB_sampled11 : dacota.tw : 259 : Jumpling
2024-02-09 10:45:50,642 - root - ERROR - Error occurred in 'data_provessing' : DB_sampled11 : classicreader.com : 127 : Jumpling
2024-02-09 10:45:50,642 - root - ERROR - Error occurred in 'data_provessing' : DB_sampled11 : classicreader.com : 127 : Jumpling
2024-02-09 10:45:50,673 - root - ERROR - Error occurred in 'data_provessing' : DB_sampled11 : dirtmountainbike.com : 45 : Jumpling
2024-02-09 10:45:50,735 - root - ERROR - Error occurred in 'data_provessing' : DB_sampled11 : primer.com.ph : 53 : Jumpling
2024-02-09 10:45:50,736 - root - ERROR - Error occurred in 'data_provessing' : DB_sampled11 : primer.com.ph : 69 : Jumpling
2024-02-09 10:45:50,737 - root - ERROR - Error occurred in 'data_provessing' : DB_sampled11 : posestvorudolf.si : 26 : Jumpling
2024-02-09 10:45:50,737 - root - ERROR - Error occurred in 'data_provessing' : DB_sampled11 : posestvorudolf.si : 71 : Jumpling
2024-02-09 10:45:50,788 - root - ERROR - Error occurred in 'data_provessing' : DB_sampled11 : recycleemirates.com : 19 : Jumpling
2024-02-09 10:45:50,813 - root - ERROR - Error occurred in 'data_provessing' : DB_sampled11 : campgroundviews.com : 129 : Jumpling
2024-02-09 10:45:50,816 - root - ERROR - Error occurred in 'data_provessing' : DB_sampled11 : agonaskritis.gr : 56 : Jumpling
2024-02-09 10:45:50,816 - root - ERROR - Error occurred in 'data_provessing' : DB_sampled11 : agonaskritis.gr : 57 : Jumpling
2024-02-09 10:45:50,822 - root - ERROR - Error occurred in 'data_provessing' : DB_sampled11 : pdfformdownload.com : 43 : Jumpling
2024-02-09 10:45:50,849 - root - ERROR - Error occurred in 'data_provessing' : DB_sampled11 : colorstv.com : 97 : Jumpling
2024-02-09 10:45:50,905 - root - ERROR - Error occurred in 'data_provessing' : DB_sampled11 : mgroupinformatica.it : 27 : Jumpling
2024-02-09 10:45:50,928 - root - ERROR - Error occurred in 'data_provessing' : DB_sampled11 : writtenreality.com : 147 : Jumpling
2024-02-09 10:45:50,942 - root - ERROR - Error occurred in 'data_provessing' : DB_sampled11 : sgnorilsk.ru : 48 : Jumpling
2024-02-09 10:45:50,961 - root - ERROR - Error occurred in 'data_provessing' : DB_sampled11 : accessibleweb.com : 67 : Jumpling
2024-02-09 10:45:50,981 - root - ERROR - Error occurred in 'data_provessing' : DB_sampled11 : drnajeeblectures.com : 37 : Jumpling
2024-02-09 10:45:50,981 - root - ERROR - Error occurred in 'data_provessing' : DB_sampled11 : drnajeeblectures.com : 43 : Jumpling
2024-02-09 10:45:50,982 - root - ERROR - Error occurred in 'data_provessing' : DB_sampled11 : drnajeeblectures.com : 43 : Jumpling
2024-02-09 10:45:50,983 - root - ERROR - Error occurred in 'data_provessing' : DB_sampled11 : drnajeeblectures.com : 62 : Jumpling
2024-02-09 10:45:50,983 - root - ERROR - Error occurred in 'data_provessing' : DB_sampled11 : drnajeeblectures.com : 62 : Jumpling
2024-02-09 10:45:51,031 - root - ERROR - Error occurred in 'data_provessing' : DB_sampled11 : globalp.com : 41 : Jumpling
2024-02-09 10:45:51,033 - root - ERROR - Error occurred in 'data_provessing' : DB_sampled11 : programminginsider.com : 29 : Jumpling
2024-02-09 10:45:51,080 - root - ERROR - Error occurred in 'data_provessing' : DB_sampled11 : dut.edu.ua : 36 : Jumpling
2024-02-09 10:45:51,116 - root - ERROR - Error occurred in 'data_provessing' : DB_sampled11 : mindev.gov.gr : 37 : Jumpling
2024-02-09 10:45:51,121 - root - ERROR - Error occurred in 'data_provessing' : DB_sampled11 : hanuilds-cantake.com : 81 : Jumpling
2024-02-09 10:45:51,156 - root - ERROR - Error occurred in 'data_provessing' : DB_sampled11 : swlondoner.co.uk : 90 : Jumpling
2024-02-09 10:45:51,161 - root - ERROR - Error occurred in 'data_provessing' : DB_sampled11 : edealer.ca : 86 : Jumpling
2024-02-09 10:45:51,162 - root - ERROR - Error occurred in 'data_provessing' : DB_sampled11 : edealer.ca : 91 : Jumpling
2024-02-09 10:45:51,194 - root - ERROR - Error occurred in 'data_provessing' : DB_sampled11 : berezhany.net : 27 : Jumpling
2024-02-09 10:45:51,204 - root - ERROR - Error occurred in 'data_provessing' : DB_sampled11 : okwow.com : 118 : Jumpling
2024-02-09 10:45:51,204 - root - ERROR - Error occurred in 'data_provessing' : DB_sampled11 : okwow.com : 118 : Jumpling
2024-02-09 10:45:51,209 - root - ERROR - Error occurred in 'data_provessing' : DB_sampled11 : tzbusinessnews.com : 12 : Jumpling
2024-02-09 10:45:51,253 - root - ERROR - Error occurred in 'data_provessing' : DB_sampled11 : ebmag.com : 83 : Jumpling
2024-02-09 10:45:51,253 - root - ERROR - Error occurred in 'data_provessing' : DB_sampled11 : ebmag.com : 83 : Jumpling
2024-02-09 10:45:51,266 - root - ERROR - Error occurred in 'data_provessing' : DB_sampled11 : greatamericandaily.com : 550 : Jumpling
2024-02-09 10:45:51,281 - root - ERROR - Error occurred in 'data_provessing' : DB_sampled11 : hagishi.com : 19 : Jumpling
2024-02-09 10:45:51,283 - root - ERROR - Error occurred in 'data_provessing' : DB_sampled11 : bakersjournal.com : 88 : Jumpling
2024-02-09 10:45:51,355 - root - ERROR - Error occurred in 'data_provessing' : DB_sampled11 : doctoreport.com : 55 : Jumpling
2024-02-09 10:45:51,391 - root - ERROR - Error occurred in 'data_provessing' : DB_sampled11 : brookings.net : 60 : Jumpling
2024-02-09 10:45:51,396 - root - ERROR - Error occurred in 'data_provessing' : DB_sampled11 : aamconsultants.org : 47 : Jumpling
2024-02-09 10:45:51,438 - root - ERROR - Error occurred in 'data_provessing' : DB_sampled11 : columbiachronicle.com : 42 : Jumpling
2024-02-09 10:45:51,455 - root - ERROR - Error occurred in 'data_provessing' : DB_sampled11 : pmjandhanyojana.co.in : 38 : Jumpling
2024-02-09 10:45:51,469 - root - ERROR - Error occurred in 'data_provessing' : DB_sampled11 : fitbottomedgirls.com : 211 : Jumpling
2024-02-09 10:45:51,533 - root - ERROR - Error occurred in 'data_provessing' : DB_sampled11 : christian.net : 50 : Jumpling
2024-02-09 10:45:51,538 - root - ERROR - Error occurred in 'data_provessing' : DB_sampled11 : pgcbasketball.com : 31 : Jumpling
2024-02-09 10:45:51,538 - root - ERROR - Error occurred in 'data_provessing' : DB_sampled11 : pgcbasketball.com : 45 : Jumpling
2024-02-09 10:45:51,538 - root - ERROR - Error occurred in 'data_provessing' : DB_sampled11 : pgcbasketball.com : 58 : Jumpling
2024-02-09 10:45:51,539 - root - ERROR - Error occurred in 'data_provessing' : DB_sampled11 : pgcbasketball.com : 95 : Jumpling
2024-02-09 10:45:51,618 - root - ERROR - Error occurred in 'data_provessing' : DB_sampled11 : timemoto.com : 47 : Jumpling
2024-02-09 10:45:51,654 - root - ERROR - Error occurred in 'data_provessing' : DB_sampled11 : trabajo.gob.ec : 44 : Jumpling
2024-02-09 10:45:51,681 - root - ERROR - Error occurred in 'data_provessing' : DB_sampled11 : polman-bandung.ac.id : 73 : Jumpling
2024-02-09 10:45:51,688 - root - ERROR - Error occurred in 'data_provessing' : DB_sampled11 : ponly.com : 231 : Jumpling
2024-02-09 10:45:51,699 - root - ERROR - Error occurred in 'data_provessing' : DB_sampled11 : pac.ac.il : 47 : Jumpling
2024-02-09 10:45:51,699 - root - ERROR - Error occurred in 'data_provessing' : DB_sampled11 : pac.ac.il : 60 : Jumpling
2024-02-09 10:45:51,700 - root - ERROR - Error occurred in 'data_provessing' : DB_sampled11 : eccu.edu : 168 : Jumpling
2024-02-09 10:45:51,706 - root - ERROR - Error occurred in 'data_provessing' : DB_sampled11 : theappalachianonline.com : 58 : Jumpling
2024-02-09 10:45:51,735 - root - ERROR - Error occurred in 'data_provessing' : DB_sampled11 : sweethomedigest.com : 58 : Jumpling
2024-02-09 10:45:51,738 - root - ERROR - Error occurred in 'data_provessing' : DB_sampled11 : pixart.com.sg : 69 : Jumpling
2024-02-09 10:45:51,790 - root - ERROR - Error occurred in 'data_provessing' : DB_sampled11 : songbirdblog.com : 206 : Jumpling
2024-02-09 10:45:51,811 - root - ERROR - Error occurred in 'data_provessing' : DB_sampled11 : graffiti-erp.pl : 43 : Jumpling
2024-02-09 10:45:51,820 - root - ERROR - Error occurred in 'data_provessing' : DB_sampled11 : platodemusgo.com : 34 : Jumpling
2024-02-09 10:45:51,822 - root - ERROR - Error occurred in 'data_provessing' : DB_sampled11 : clasesdeperiodismo.com : 79 : Jumpling
2024-02-09 10:45:51,827 - root - ERROR - Error occurred in 'data_provessing' : DB_sampled11 : pretoria.su : 57 : Jumpling
2024-02-09 10:45:51,868 - root - ERROR - Error occurred in 'data_provessing' : DB_sampled11 : aviationexams.eu : 14 : Jumpling
2024-02-09 10:45:51,873 - root - ERROR - Error occurred in 'data_provessing' : DB_sampled11 : drivelah.sg : 42 : Jumpling
2024-02-09 10:45:51,876 - root - ERROR - Error occurred in 'data_provessing' : DB_sampled11 : sidomexentertainment.com : 130 : Jumpling
2024-02-09 10:45:52,050 - root - ERROR - Error occurred in 'data_provessing' : DB_sampled11 : poetseers.org : 23 : Jumpling
2024-02-09 10:45:52,065 - root - ERROR - Error occurred in 'data_provessing' : DB_sampled11 : dropdelivery.com : 30 : Jumpling
2024-02-09 10:45:54,905 - root - ERROR - Error occurred in 'data_provessing' : DB_sampled7 : sideback.ru : 61 : Jumpling
2024-02-09 10:45:54,907 - root - ERROR - Error occurred in 'data_provessing' : DB_sampled7 : kursy-seo-msk-11.ru : 20 : Jumpling
2024-02-09 10:45:54,907 - root - ERROR - Error occurred in 'data_provessing' : DB_sampled7 : kursy-seo-msk-11.ru : 21 : Jumpling
2024-02-09 10:45:54,920 - root - ERROR - Error occurred in 'data_provessing' : DB_sampled7 : ccmmagazine.com : 106 : Jumpling
2024-02-09 10:45:55,084 - root - ERROR - Error occurred in 'data_provessing' : DB_sampled7 : ripleys.com : 43 : Jumpling
2024-02-09 10:45:55,088 - root - ERROR - Error occurred in 'data_provessing' : DB_sampled7 : safetyandhealthmagazine.com : 35 : Jumpling
2024-02-09 10:45:55,100 - root - ERROR - Error occurred in 'data_provessing' : DB_sampled7 : nominalia.com : 51 : Jumpling
2024-02-09 10:45:55,274 - root - ERROR - Error occurred in 'data_provessing' : DB_sampled7 : tutorials-raspberrypi.com : 149 : Jumpling
2024-02-09 10:45:55,354 - root - ERROR - Error occurred in 'data_provessing' : DB_sampled7 : suvudu.com : 71 : Jumpling
2024-02-09 10:45:55,377 - root - ERROR - Error occurred in 'data_provessing' : DB_sampled7 : fuvest.br : 58 : Jumpling
2024-02-09 10:45:55,378 - root - ERROR - Error occurred in 'data_provessing' : DB_sampled7 : cure.org : 96 : Jumpling
2024-02-09 10:45:55,378 - root - ERROR - Error occurred in 'data_provessing' : DB_sampled7 : cure.org : 106 : Jumpling
2024-02-09 10:45:55,378 - root - ERROR - Error occurred in 'data_provessing' : DB_sampled7 : cure.org : 121 : Jumpling
2024-02-09 10:45:55,422 - root - ERROR - Error occurred in 'data_provessing' : DB_sampled7 : versionweekly.com : 38 : Jumpling
2024-02-09 10:45:55,423 - root - ERROR - Error occurred in 'data_provessing' : DB_sampled7 : versionweekly.com : 58 : Jumpling
2024-02-09 10:45:55,552 - root - ERROR - Error occurred in 'data_provessing' : DB_sampled7 : panow.com : 107 : Jumpling
2024-02-09 10:45:55,559 - root - ERROR - Error occurred in 'data_provessing' : DB_sampled7 : watchtime.com : 50 : Jumpling
2024-02-09 10:45:55,570 - root - ERROR - Error occurred in 'data_provessing' : DB_sampled7 : yourthunderbuddy.com : 33 : Jumpling
2024-02-09 10:45:55,586 - root - ERROR - Error occurred in 'data_provessing' : DB_sampled7 : techadvisor.com : 89 : Jumpling
2024-02-09 10:45:55,647 - root - ERROR - Error occurred in 'data_provessing' : DB_sampled7 : fordhampress.com : 47 : Jumpling
2024-02-09 10:45:55,671 - root - ERROR - Error occurred in 'data_provessing' : DB_sampled7 : maxmarket.online : 114 : Jumpling
2024-02-09 10:45:55,677 - root - ERROR - Error occurred in 'data_provessing' : DB_sampled7 : udgtv.com : 64 : Jumpling
2024-02-09 10:45:55,720 - root - ERROR - Error occurred in 'data_provessing' : DB_sampled7 : georgeclinton.com : 48 : Jumpling
2024-02-09 10:45:55,737 - root - ERROR - Error occurred in 'data_provessing' : DB_sampled7 : o-beru.ru : 39 : Jumpling
2024-02-09 10:45:55,737 - root - ERROR - Error occurred in 'data_provessing' : DB_sampled7 : democracyjournal.org : 27 : Jumpling
2024-02-09 10:45:55,796 - root - ERROR - Error occurred in 'data_provessing' : DB_sampled7 : curling.ca : 83 : Jumpling
2024-02-09 10:45:55,819 - root - ERROR - Error occurred in 'data_provessing' : DB_sampled7 : financetwitter.com : 265 : Jumpling
2024-02-09 10:45:55,845 - root - ERROR - Error occurred in 'data_provessing' : DB_sampled7 : bosquedefantasias.com : 32 : Jumpling
2024-02-09 10:45:55,846 - root - ERROR - Error occurred in 'data_provessing' : DB_sampled7 : bosquedefantasias.com : 39 : Jumpling
2024-02-09 10:45:55,865 - root - ERROR - Error occurred in 'data_provessing' : DB_sampled7 : inspiremore.com : 60 : Jumpling
2024-02-09 10:45:55,971 - root - ERROR - Error occurred in 'data_provessing' : DB_sampled7 : cuvee.com : 95 : Jumpling
2024-02-09 10:45:56,033 - root - ERROR - Error occurred in 'data_provessing' : DB_sampled7 : rosepith.org : 85 : Jumpling
2024-02-09 10:45:56,039 - root - ERROR - Error occurred in 'data_provessing' : DB_sampled7 : scarrittgroup.com : 44 : Jumpling
2024-02-09 10:45:56,080 - root - ERROR - Error occurred in 'data_provessing' : DB_sampled7 : dagensmedicin.dk : 75 : Jumpling
2024-02-09 10:45:56,086 - root - ERROR - Error occurred in 'data_provessing' : DB_sampled7 : magicalkenya.com : 138 : Jumpling
2024-02-09 10:45:56,107 - root - ERROR - Error occurred in 'data_provessing' : DB_sampled7 : wildwoodguitars.com : 42 : Jumpling
2024-02-09 10:45:56,191 - root - ERROR - Error occurred in 'data_provessing' : DB_sampled7 : bensonsforbeds.co.uk : 49 : Jumpling
2024-02-09 10:45:56,195 - root - ERROR - Error occurred in 'data_provessing' : DB_sampled7 : bensonsforbeds.co.uk : 56 : Jumpling
2024-02-09 10:45:56,225 - root - ERROR - Error occurred in 'data_provessing' : DB_sampled7 : aliinsider.com : 256 : Jumpling
2024-02-09 10:45:56,270 - root - ERROR - Error occurred in 'data_provessing' : DB_sampled7 : l-express.ca : 35 : Jumpling
2024-02-09 10:45:56,278 - root - ERROR - Error occurred in 'data_provessing' : DB_sampled7 : interstaterestareas.com : 68 : Jumpling
2024-02-09 10:45:56,383 - root - ERROR - Error occurred in 'data_provessing' : DB_sampled7 : legitreviews.com : 43 : Jumpling
2024-02-09 10:45:56,393 - root - ERROR - Error occurred in 'data_provessing' : DB_sampled7 : thecomeback.com : 337 : Jumpling
2024-02-09 10:45:56,394 - root - ERROR - Error occurred in 'data_provessing' : DB_sampled7 : armytextile.com : 42 : Jumpling
2024-02-09 10:45:56,446 - root - ERROR - Error occurred in 'data_provessing' : DB_sampled7 : buccaneersofficialsonline.com : 17 : Jumpling
2024-02-09 10:45:56,466 - root - ERROR - Error occurred in 'data_provessing' : DB_sampled7 : capium.com : 112 : Jumpling
2024-02-09 10:45:56,478 - root - ERROR - Error occurred in 'data_provessing' : DB_sampled7 : virtooal.com : 28 : Jumpling
2024-02-09 10:45:56,512 - root - ERROR - Error occurred in 'data_provessing' : DB_sampled7 : homfurniture.com : 242 : Jumpling
2024-02-09 10:45:56,523 - root - ERROR - Error occurred in 'data_provessing' : DB_sampled7 : learninsta.com : 163 : Jumpling
2024-02-09 10:45:56,602 - root - ERROR - Error occurred in 'data_provessing' : DB_sampled7 : shipcompliant.com : 61 : Jumpling
2024-02-09 10:45:56,645 - root - ERROR - Error occurred in 'data_provessing' : DB_sampled7 : wprealestate.com : 139 : Jumpling
2024-02-09 10:45:56,671 - root - ERROR - Error occurred in 'data_provessing' : DB_sampled7 : moa.gov.cy : 27 : Jumpling
2024-02-09 10:45:56,672 - root - ERROR - Error occurred in 'data_provessing' : DB_sampled7 : moa.gov.cy : 70 : Jumpling
2024-02-09 10:45:56,687 - root - ERROR - Error occurred in 'data_provessing' : DB_sampled7 : clinicabiomedic.cl : 44 : Jumpling
2024-02-09 10:45:56,688 - root - ERROR - Error occurred in 'data_provessing' : DB_sampled7 : mundo.com : 29 : Jumpling
2024-02-09 10:45:56,709 - root - ERROR - Error occurred in 'data_provessing' : DB_sampled7 : blueline.ca : 88 : Jumpling
2024-02-09 10:45:56,713 - root - ERROR - Error occurred in 'data_provessing' : DB_sampled7 : freedash.io : 13 : Jumpling
2024-02-09 10:45:56,715 - root - ERROR - Error occurred in 'data_provessing' : DB_sampled7 : rotsvast.nl : 51 : Jumpling
2024-02-09 10:45:56,758 - root - ERROR - Error occurred in 'data_provessing' : DB_sampled7 : afas.org : 56 : Jumpling
2024-02-09 10:45:56,759 - root - ERROR - Error occurred in 'data_provessing' : DB_sampled7 : afas.org : 49 : Jumpling
2024-02-09 10:45:56,813 - root - ERROR - Error occurred in 'data_provessing' : DB_sampled7 : universitystar.com : 179 : Jumpling
2024-02-09 10:45:56,847 - root - ERROR - Error occurred in 'data_provessing' : DB_sampled7 : lifeindigo.com : 63 : Jumpling
2024-02-09 10:45:56,926 - root - ERROR - Error occurred in 'data_provessing' : DB_sampled7 : howtoheatpress.com : 82 : Jumpling
2024-02-09 10:45:56,927 - root - ERROR - Error occurred in 'data_provessing' : DB_sampled7 : howtoheatpress.com : 245 : Jumpling
2024-02-09 10:45:56,931 - root - ERROR - Error occurred in 'data_provessing' : DB_sampled7 : dok-leipzig.de : 21 : Jumpling
2024-02-09 10:45:56,943 - root - ERROR - Error occurred in 'data_provessing' : DB_sampled7 : dhillonlighting.com : 45 : Jumpling
2024-02-09 10:45:56,975 - root - ERROR - Error occurred in 'data_provessing' : DB_sampled7 : humormeetscomics.com : 61 : Jumpling
2024-02-09 10:45:57,004 - root - ERROR - Error occurred in 'data_provessing' : DB_sampled7 : kittybabylove.com : 121 : Jumpling
2024-02-09 10:45:57,004 - root - ERROR - Error occurred in 'data_provessing' : DB_sampled7 : kittybabylove.com : 116 : Jumpling
2024-02-09 10:45:57,035 - root - ERROR - Error occurred in 'data_provessing' : DB_sampled7 : webignito.com : 127 : Jumpling
2024-02-09 10:45:57,045 - root - ERROR - Error occurred in 'data_provessing' : DB_sampled7 : chiromatrix.com : 97 : Jumpling
2024-02-09 10:45:57,049 - root - ERROR - Error occurred in 'data_provessing' : DB_sampled7 : gisuser.com : 50 : Jumpling
2024-02-09 10:45:57,079 - root - ERROR - Error occurred in 'data_provessing' : DB_sampled7 : firstunion.com : 63 : Jumpling
2024-02-09 10:45:57,084 - root - ERROR - Error occurred in 'data_provessing' : DB_sampled7 : ghostbrowser.com : 66 : Jumpling
2024-02-09 10:45:57,101 - root - ERROR - Error occurred in 'data_provessing' : DB_sampled7 : youbabyandi.com : 87 : Jumpling
2024-02-09 10:45:57,118 - root - ERROR - Error occurred in 'data_provessing' : DB_sampled7 : theprintstreet.com : 57 : Jumpling
2024-02-09 10:45:57,627 - root - ERROR - Error occurred in 'data_provessing' : DB_sampled7 : gracija.me : 66 : Jumpling
2024-02-09 10:45:57,628 - root - ERROR - Error occurred in 'data_provessing' : DB_sampled7 : pgsgaragedoorsandwindows.com : 66 : Jumpling
2024-02-09 10:45:57,667 - root - ERROR - Error occurred in 'data_provessing' : DB_sampled7 : vintagecampertrailers.com : 48 : Jumpling
2024-02-09 10:45:57,668 - root - ERROR - Error occurred in 'data_provessing' : DB_sampled7 : vintagecampertrailers.com : 63 : Jumpling
2024-02-09 10:45:57,769 - root - ERROR - Error occurred in 'data_provessing' : DB_sampled7 : emag.bg : 207 : Jumpling
2024-02-09 10:45:57,840 - root - ERROR - Error occurred in 'data_provessing' : DB_sampled7 : net-zahid.net : 36 : Jumpling
2024-02-09 10:45:57,857 - root - ERROR - Error occurred in 'data_provessing' : DB_sampled7 : themacweekly.com : 8 : Jumpling
2024-02-09 10:45:57,894 - root - ERROR - Error occurred in 'data_provessing' : DB_sampled7 : fiamitalia.it : 58 : Jumpling
2024-02-09 10:45:57,935 - root - ERROR - Error occurred in 'data_provessing' : DB_sampled7 : jornalpequeno.com.br : 65 : Jumpling
2024-02-09 10:45:58,032 - root - ERROR - Error occurred in 'data_provessing' : DB_sampled7 : electronic.vegas : 42 : Jumpling
2024-02-09 10:45:58,070 - root - ERROR - Error occurred in 'data_provessing' : DB_sampled7 : 11plusguide.com : 44 : Jumpling
2024-02-09 10:45:58,092 - root - ERROR - Error occurred in 'data_provessing' : DB_sampled7 : palazzoversace.ae : 59 : Jumpling
2024-02-09 10:45:58,110 - root - ERROR - Error occurred in 'data_provessing' : DB_sampled7 : designfesta.com : 58 : Jumpling
2024-02-09 10:45:58,124 - root - ERROR - Error occurred in 'data_provessing' : DB_sampled7 : diabetologia-journal.org : 36 : Jumpling
2024-02-09 10:45:58,124 - root - ERROR - Error occurred in 'data_provessing' : DB_sampled7 : diabetologia-journal.org : 43 : Jumpling
2024-02-09 10:45:58,199 - root - ERROR - Error occurred in 'data_provessing' : DB_sampled7 : pba.edu : 52 : Jumpling
2024-02-09 10:45:58,224 - root - ERROR - Error occurred in 'data_provessing' : DB_sampled7 : kenyacradle.com : 82 : Jumpling
2024-02-09 10:45:58,225 - root - ERROR - Error occurred in 'data_provessing' : DB_sampled7 : kenyacradle.com : 83 : Jumpling
2024-02-09 10:45:58,238 - root - ERROR - Error occurred in 'data_provessing' : DB_sampled7 : codebriefly.com : 32 : Jumpling
2024-02-09 10:45:58,238 - root - ERROR - Error occurred in 'data_provessing' : DB_sampled7 : codebriefly.com : 32 : Jumpling
2024-02-09 10:45:58,283 - root - ERROR - Error occurred in 'data_provessing' : DB_sampled7 : sivananda.org : 101 : Jumpling
2024-02-09 10:45:58,312 - root - ERROR - Error occurred in 'data_provessing' : DB_sampled7 : thesmartlocal.com : 128 : Jumpling
2024-02-09 10:45:58,312 - root - ERROR - Error occurred in 'data_provessing' : DB_sampled7 : thesmartlocal.com : 128 : Jumpling
2024-02-09 10:45:58,313 - root - ERROR - Error occurred in 'data_provessing' : DB_sampled7 : thesmartlocal.com : 226 : Jumpling
2024-02-09 10:45:58,340 - root - ERROR - Error occurred in 'data_provessing' : DB_sampled7 : volleyballpassion.com : 126 : Jumpling
2024-02-09 10:45:58,344 - root - ERROR - Error occurred in 'data_provessing' : DB_sampled7 : volleyballpassion.com : 909 : Jumpling
2024-02-09 10:45:58,364 - root - ERROR - Error occurred in 'data_provessing' : DB_sampled7 : wegotthiscovered.com : 387 : Jumpling
2024-02-09 10:45:58,389 - root - ERROR - Error occurred in 'data_provessing' : DB_sampled7 : beyond.org.sg : 44 : Jumpling
2024-02-09 10:45:58,389 - root - ERROR - Error occurred in 'data_provessing' : DB_sampled7 : beyond.org.sg : 44 : Jumpling
2024-02-09 10:45:58,418 - root - ERROR - Error occurred in 'data_provessing' : DB_sampled7 : bangshift.com : 70 : Jumpling
2024-02-09 10:45:58,463 - root - ERROR - Error occurred in 'data_provessing' : DB_sampled7 : urbanorganicgardener.com : 73 : Jumpling
2024-02-09 10:45:58,530 - root - ERROR - Error occurred in 'data_provessing' : DB_sampled7 : teletype.app : 90 : Jumpling
2024-02-09 10:45:58,531 - root - ERROR - Error occurred in 'data_provessing' : DB_sampled7 : teletype.app : 92 : Jumpling
2024-02-09 10:45:58,552 - root - ERROR - Error occurred in 'data_provessing' : DB_sampled7 : npcmr.ru : 20 : Jumpling
2024-02-09 10:45:58,556 - root - ERROR - Error occurred in 'data_provessing' : DB_sampled7 : ohgizmo.com : 26 : Jumpling
2024-02-09 10:45:58,577 - root - ERROR - Error occurred in 'data_provessing' : DB_sampled7 : nanaimonewsnow.com : 109 : Jumpling
2024-02-09 10:45:58,585 - root - ERROR - Error occurred in 'data_provessing' : DB_sampled7 : solarfoods.fi : 50 : Jumpling
2024-02-09 10:45:58,594 - root - ERROR - Error occurred in 'data_provessing' : DB_sampled7 : sharptype.co : 194 : Jumpling
2024-02-09 10:45:58,598 - root - ERROR - Error occurred in 'data_provessing' : DB_sampled7 : moiinstrumenty.ru : 95 : Jumpling
2024-02-09 10:45:58,709 - root - ERROR - Error occurred in 'data_provessing' : DB_sampled7 : lexusenthusiast.com : 76 : Jumpling
2024-02-09 10:45:58,710 - root - ERROR - Error occurred in 'data_provessing' : DB_sampled7 : rvexpertise.com : 147 : Jumpling
2024-02-09 10:45:58,787 - root - ERROR - Error occurred in 'data_provessing' : DB_sampled7 : pulsoslp.com.mx : 91 : Jumpling
2024-02-09 10:45:58,787 - root - ERROR - Error occurred in 'data_provessing' : DB_sampled7 : pulsoslp.com.mx : 95 : Jumpling
2024-02-09 10:45:58,790 - root - ERROR - Error occurred in 'data_provessing' : DB_sampled7 : pulsoslp.com.mx : 146 : Jumpling
2024-02-09 10:45:58,814 - root - ERROR - Error occurred in 'data_provessing' : DB_sampled7 : osage.net : 58 : Jumpling
2024-02-09 10:45:58,883 - root - ERROR - Error occurred in 'data_provessing' : DB_sampled7 : thepinoyofw.com : 139 : Jumpling
2024-02-09 10:45:58,895 - root - ERROR - Error occurred in 'data_provessing' : DB_sampled7 : vcf.vn.ua : 28 : Jumpling
2024-02-09 10:45:58,896 - root - ERROR - Error occurred in 'data_provessing' : DB_sampled7 : vcf.vn.ua : 28 : Jumpling
2024-02-09 10:45:58,900 - root - ERROR - Error occurred in 'data_provessing' : DB_sampled7 : wic-net.cz : 39 : Jumpling
2024-02-09 10:45:58,924 - root - ERROR - Error occurred in 'data_provessing' : DB_sampled7 : guiaescolar.net : 66 : Jumpling
2024-02-09 10:45:58,973 - root - ERROR - Error occurred in 'data_provessing' : DB_sampled7 : hungarianfreepress.com : 24 : Jumpling
2024-02-09 10:46:00,535 - root - ERROR - Error occurred in 'data_provessing' : DB_chunk1 : techcrunch.com : 35 : Jumpling
2024-02-09 10:46:00,538 - root - ERROR - Error occurred in 'data_provessing' : DB_chunk1 : techcrunch.com : 110 : Jumpling
2024-02-09 10:46:00,539 - root - ERROR - Error occurred in 'data_provessing' : DB_chunk1 : techcrunch.com : 110 : Jumpling
2024-02-09 10:46:00,573 - root - ERROR - Error occurred in 'data_provessing' : DB_chunk1 : trustpilot.com : 33 : Jumpling
2024-02-09 10:46:00,596 - root - ERROR - Error occurred in 'data_provessing' : DB_chunk1 : segment.io : 186 : Jumpling
2024-02-09 10:46:00,608 - root - ERROR - Error occurred in 'data_provessing' : DB_chunk1 : adtelligent.com : 55 : Jumpling
2024-02-09 10:46:00,618 - root - ERROR - Error occurred in 'data_provessing' : DB_chunk1 : psu.edu : 59 : Jumpling
2024-02-09 10:46:00,663 - root - ERROR - Error occurred in 'data_provessing' : DB_chunk1 : netgear.com : 262 : Jumpling
2024-02-09 10:46:00,663 - root - ERROR - Error occurred in 'data_provessing' : DB_chunk1 : netgear.com : 268 : Jumpling
2024-02-09 10:46:00,677 - root - ERROR - Error occurred in 'data_provessing' : DB_chunk1 : att.net : 152 : Jumpling
2024-02-09 10:46:00,786 - root - ERROR - Error occurred in 'data_provessing' : DB_chunk1 : latimes.com : 55 : Jumpling
2024-02-09 10:46:00,798 - root - ERROR - Error occurred in 'data_provessing' : DB_chunk1 : sina.com.cn : 443 : Jumpling
2024-02-09 10:46:00,829 - root - ERROR - Error occurred in 'data_provessing' : DB_chunk1 : eset.com : 1481 : Jumpling
2024-02-09 10:46:00,836 - root - ERROR - Error occurred in 'data_provessing' : DB_chunk1 : nationalgeographic.com : 236 : Jumpling
2024-02-09 10:46:00,849 - root - ERROR - Error occurred in 'data_provessing' : DB_chunk1 : hubspot.com : 61 : Jumpling
2024-02-09 10:46:00,941 - root - ERROR - Error occurred in 'data_provessing' : DB_chunk1 : accuweather.com : 295 : Jumpling
2024-02-09 10:46:00,941 - root - ERROR - Error occurred in 'data_provessing' : DB_chunk1 : accuweather.com : 402 : Jumpling
2024-02-09 10:46:01,051 - root - ERROR - Error occurred in 'data_provessing' : DB_chunk1 : britannica.com : 57 : Jumpling
2024-02-09 10:46:01,051 - root - ERROR - Error occurred in 'data_provessing' : DB_chunk1 : britannica.com : 57 : Jumpling
2024-02-09 10:46:01,085 - root - ERROR - Error occurred in 'data_provessing' : DB_chunk1 : amazon.ca : 170 : Jumpling
2024-02-09 10:46:01,116 - root - ERROR - Error occurred in 'data_provessing' : DB_chunk1 : pikabu.ru : 120 : Jumpling
2024-02-09 10:46:01,137 - root - ERROR - Error occurred in 'data_provessing' : DB_chunk1 : tinyurl.com : 47 : Jumpling
2024-02-09 10:46:01,235 - root - ERROR - Error occurred in 'data_provessing' : DB_chunk1 : npr.org : 102 : Jumpling
2024-02-09 10:46:01,236 - root - ERROR - Error occurred in 'data_provessing' : DB_chunk1 : npr.org : 170 : Jumpling
2024-02-09 10:46:01,256 - root - ERROR - Error occurred in 'data_provessing' : DB_chunk1 : espn.com : 72 : Jumpling
2024-02-09 10:46:01,273 - root - ERROR - Error occurred in 'data_provessing' : DB_chunk1 : espn.com : 148 : Jumpling
2024-02-09 10:46:01,285 - root - ERROR - Error occurred in 'data_provessing' : DB_chunk1 : livechatinc.com : 94 : Jumpling
2024-02-09 10:46:01,291 - root - ERROR - Error occurred in 'data_provessing' : DB_chunk1 : booking.com : 212 : Jumpling
2024-02-09 10:46:01,302 - root - ERROR - Error occurred in 'data_provessing' : DB_chunk1 : people.com : 127 : Jumpling
2024-02-09 10:46:01,309 - root - ERROR - Error occurred in 'data_provessing' : DB_chunk1 : shopify.com : 251 : Jumpling
2024-02-09 10:46:01,358 - root - ERROR - Error occurred in 'data_provessing' : DB_chunk1 : dailymail.co.uk : 356 : Jumpling
2024-02-09 10:46:01,511 - root - ERROR - Error occurred in 'data_provessing' : DB_chunk1 : apnews.com : 128 : Jumpling
2024-02-09 10:46:01,682 - root - ERROR - Error occurred in 'data_provessing' : DB_chunk1 : merriam-webster.com : 232 : Jumpling
2024-02-09 10:46:01,765 - root - ERROR - Error occurred in 'data_provessing' : DB_chunk1 : theatlantic.com : 160 : Jumpling
2024-02-09 10:46:01,924 - root - ERROR - Error occurred in 'data_provessing' : DB_chunk1 : asos.com : 143 : Jumpling
2024-02-09 10:46:01,957 - root - ERROR - Error occurred in 'data_provessing' : DB_chunk1 : forbes.com : 233 : Jumpling
2024-02-09 10:46:01,959 - root - ERROR - Error occurred in 'data_provessing' : DB_chunk1 : forbes.com : 300 : Jumpling
2024-02-09 10:46:01,960 - root - ERROR - Error occurred in 'data_provessing' : DB_chunk1 : forbes.com : 247 : Jumpling
2024-02-09 10:46:01,985 - root - ERROR - Error occurred in 'data_provessing' : DB_chunk1 : cloudflare.net : 29 : Jumpling
2024-02-09 10:46:02,066 - root - ERROR - Error occurred in 'data_provessing' : DB_chunk1 : tds.net : 168 : Jumpling
2024-02-09 10:46:02,067 - root - ERROR - Error occurred in 'data_provessing' : DB_chunk1 : tds.net : 264 : Jumpling
2024-02-09 10:46:02,112 - root - ERROR - Error occurred in 'data_provessing' : DB_chunk1 : psychologytoday.com : 40 : Jumpling
2024-02-09 10:46:02,276 - root - ERROR - Error occurred in 'data_provessing' : DB_chunk1 : gitlab.com : 69 : Jumpling
2024-02-09 10:46:02,286 - root - ERROR - Error occurred in 'data_provessing' : DB_chunk1 : washingtonpost.com : 292 : Jumpling
2024-02-09 10:46:02,447 - root - ERROR - Error occurred in 'data_provessing' : DB_chunk1 : marketwatch.com : 186 : Jumpling
2024-02-09 10:46:02,447 - root - ERROR - Error occurred in 'data_provessing' : DB_chunk1 : marketwatch.com : 39 : Jumpling
2024-02-09 10:46:02,448 - root - ERROR - Error occurred in 'data_provessing' : DB_chunk1 : marketwatch.com : 227 : Jumpling
